<?xml version="1.0" encoding="UTF-8"?>
<!-- Generated by org.testng.reporters.JUnitXMLReporter -->
<testsuite ignored="0" hostname="DESKTOP-FP075KF" failures="0" tests="4" name="Chrome Tests" time="127.388" errors="0" timestamp="2021-08-25T19:28:43 IST">
  <testcase classname="testRunners.TestNGRunner" name="runTest1" time="39.829"/>
  <testcase classname="testRunners.TestNGRunner" name="runTest2" time="25.657"/>
  <testcase classname="testRunners.TestNGRunner" name="runTest3" time="8.939"/>
  <testcase classname="testRunners.TestNGRunner" name="runTest4" time="25.987"/>
</testsuite> <!-- Chrome Tests -->
